Removed Pin From Net: NetName=PWM1 Pin=*1-15
Change Component Designator: OldDesignator=C4 NewDesignator=C6
Change Component Designator: OldDesignator=C5 NewDesignator=C7
Change Component Designator: OldDesignator=DZ? NewDesignator=DZ2
Change Component Designator: OldDesignator=R2 NewDesignator=R8
Change Component Designator: OldDesignator=R3 NewDesignator=R9
Change Component Designator: OldDesignator=R4 NewDesignator=R10
Change Component Designator: OldDesignator=R5 NewDesignator=R11
Change Component Designator: OldDesignator=R6 NewDesignator=R2
Change Component Designator: OldDesignator=R7 NewDesignator=R3
Change Component Designator: OldDesignator=R8 NewDesignator=R4
Change Component Designator: OldDesignator=R9 NewDesignator=R12
Added Component: Designator=C4(CN-SMD-0805)
Add component (AddParameter): Name = "Value"; Value = "33pF"; VariantName = "[No Variations]"
Added Component: Designator=C5(CN-SMD-0603)
Add component (AddParameter): Name = "Value"; Value = "33pF"; VariantName = "[No Variations]"
Added Component: Designator=C8(CN-SMD-0805)
Add component (AddParameter): Name = "Value"; Value = "33pF"; VariantName = "[No Variations]"
Added Component: Designator=R5(RES-SMD-0805)
Add component (AddParameter): Name = "Class"; Value = "Passive"; VariantName = "[No Variations]"
Add component (AddParameter): Name = "Manufacturer"; Value = "Generic Components"; VariantName = "[No Variations]"
Add component (AddParameter): Name = "Published"; Value = "08/06/2000"; VariantName = "[No Variations]"
Add component (AddParameter): Name = "Publisher"; Value = "Altium Hobart Technology Centre"; VariantName = "[No Variations]"
Added Component: Designator=R6(RES-SMD-0805)
Add component (AddParameter): Name = "Class"; Value = "Passive"; VariantName = "[No Variations]"
Add component (AddParameter): Name = "Manufacturer"; Value = "Generic Components"; VariantName = "[No Variations]"
Add component (AddParameter): Name = "Published"; Value = "08/06/2000"; VariantName = "[No Variations]"
Add component (AddParameter): Name = "Publisher"; Value = "Altium Hobart Technology Centre"; VariantName = "[No Variations]"
Added Component: Designator=R7(RES-SMD-0603)
Add component (AddParameter): Name = "Class"; Value = "Passive"; VariantName = "[No Variations]"
Add component (AddParameter): Name = "Manufacturer"; Value = "Generic Components"; VariantName = "[No Variations]"
Add component (AddParameter): Name = "Published"; Value = "08/06/2000"; VariantName = "[No Variations]"
Add component (AddParameter): Name = "Publisher"; Value = "Altium Hobart Technology Centre"; VariantName = "[No Variations]"
Added Component: Designator=R13(RES-SMD-0603)
Add component (AddParameter): Name = "Class"; Value = "Passive"; VariantName = "[No Variations]"
Add component (AddParameter): Name = "Manufacturer"; Value = "Generic Components"; VariantName = "[No Variations]"
Add component (AddParameter): Name = "Published"; Value = "08/06/2000"; VariantName = "[No Variations]"
Add component (AddParameter): Name = "Publisher"; Value = "Altium Hobart Technology Centre"; VariantName = "[No Variations]"
Added Pin To Net: NetName=GND Pin=C4-1
Added Pin To Net: NetName=Vdc Pin=C4-2
Added Pin To Net: NetName=GND Pin=C5-1
Added Pin To Net: NetName=NetDZ1_1 Pin=C5-2
Added Pin To Net: NetName=GND Pin=C8-1
Added Pin To Net: NetName=3.3V Pin=C8-2
Added Pin To Net: NetName=NetDZ1_1 Pin=EC1-2
Added Pin To Net: NetName=NetDZ1_1 Pin=L3-1
Added Pin To Net: NetName=NetDZ1_1 Pin=L3-1
Added Pin To Net: NetName=NetDZ1_1 Pin=L3-1
Added Pin To Net: NetName=NetDZ1_1 Pin=L3-1
Added Pin To Net: NetName=NetDZ1_1 Pin=R1-2
Added Pin To Net: NetName=NetDZ1_2 Pin=R5-1
Added Pin To Net: NetName=NetDZ1_1 Pin=R5-2
Added Pin To Net: NetName=NetD1_1 Pin=R6-1
Added Pin To Net: NetName=NetDZ1_1 Pin=R6-2
Added Pin To Net: NetName=PWM1 Pin=R7-1
Added Pin To Net: NetName=3.3V Pin=R13-1
Added Pin To Net: NetName=GND Pin=R13-2
Change Net Name : Old Net Name=NetC5_1 New Net Name=NetC7_1
Change Net Name : Old Net Name=NetC5_2 New Net Name=NetC7_2
Change Net Name : Old Net Name=NetDZ1_1 New Net Name=NetC5_2
Change Net Name : Old Net Name=NetR3_1 New Net Name=NetR9_1
Change Net Name : Old Net Name=NetR4_1 New Net Name=NetR10_1
Change Net Name : Old Net Name=NetR9_1 New Net Name=NetR12_1
Change Net Name : Old Net Name=PWM1 New Net Name=NetC6_2
Added Pin To Net: NetName=PWM1 Pin=*1-15
Added Pin To Net: NetName=PWM1 Pin=R7-2
Added Net: Name=PWM1
Added Member To Class: ClassName=RD_BUCK Member=Component C6 Cap_SMD
Added Member To Class: ClassName=RD_BUCK Member=Component C7 Cap_SMD
Added Member To Class: ClassName=RD_BUCK Member=Component C8 0.01uF
Added Member To Class: ClassName=RD_BUCK Member=Component R10 Res
Added Member To Class: ClassName=RD_BUCK Member=Component R11 Res
Added Member To Class: ClassName=RD_BUCK Member=Component R12 Res
Added Member To Class: ClassName=RD_BUCK Member=Component R13 Res
