Removed Pin From Net: NetName=GND Pin=*1-2
Removed Pin From Net: NetName=GND Pin=*1-3
Removed Pin From Net: NetName=GND Pin=YA1-1
Removed Pin From Net: NetName=GND Pin=YA1-2
Added Component: Designator=4(CN-SMD-0603)
Add component (AddParameter): Name = "Value"; Value = "33pF"; VariantName = "[No Variations]"
Added Component: Designator=5(CN-SMD-0603)
Add component (AddParameter): Name = "Value"; Value = "33pF"; VariantName = "[No Variations]"
Added Pin To Net: NetName=GND Pin=*1-6
Added Pin To Net: NetName=GND Pin=4-2
Added Pin To Net: NetName=GND Pin=5-2
Added Pin To Net: NetName=Net4_1 Pin=4-1
Added Pin To Net: NetName=Net4_1 Pin=*1-3
Added Pin To Net: NetName=Net4_1 Pin=YA1-1
Added Net: Name=Net4_1
Added Pin To Net: NetName=Net5_1 Pin=5-1
Added Pin To Net: NetName=Net5_1 Pin=*1-2
Added Pin To Net: NetName=Net5_1 Pin=YA1-2
Added Net: Name=Net5_1
Added Member To Class: ClassName=RD_BUCK Member=Component 4 22pF
Added Member To Class: ClassName=RD_BUCK Member=Component 5 Cap_SMD
