Removed Pin From Net: NetName=Ant Pin=1-1
Removed Pin From Net: NetName=GND Pin=2-2
Removed Pin From Net: NetName=Ant Pin=3-1
Removed Pin From Net: NetName=GND Pin=3-2
Removed Pin From Net: NetName=GND Pin=4-2
Removed Pin From Net: NetName=GND Pin=5-2
Removed Pin From Net: NetName=3.3V Pin=R13-1
Removed Pin From Net: NetName=GND Pin=R13-2
Removed Member From Class: ClassName=RD_BUCK Member=1
Removed Member From Class: ClassName=RD_BUCK Member=2
Removed Member From Class: ClassName=RD_BUCK Member=3
Removed Member From Class: ClassName=RD_BUCK Member=4
Removed Member From Class: ClassName=RD_BUCK Member=5
Change Component Comment : Designator=C5 Old Comment=Cap_SMD New Comment=104
Change Component Comment : Designator=EC3 Old Comment=Cap_SMD_AL New Comment=6.3V-470uF
Change Component Comment : Designator=EC1 Old Comment=Cap_SMD_AL New Comment=63V-10uF
Change Component Comment : Designator=EC2 Old Comment=Cap_SMD_AL New Comment=400V-6,8uF
Change Component Comment : Designator=R11 Old Comment=Res New Comment=1R87
Change Component Comment : Designator=R10 Old Comment=Res New Comment=2R
Change Component Comment : Designator=R9 Old Comment=Res New Comment=3k6
Change Component Comment : Designator=R5 Old Comment=Res New Comment=10k
Change Component Comment : Designator=R6 Old Comment=Res New Comment=10k
Change Component Comment : Designator=R8 Old Comment=Res New Comment=10k
Change Component Comment : Designator=R2 Old Comment=Res New Comment=47k
Change Component Comment : Designator=R3 Old Comment=Res New Comment=47k
Change Component Comment : Designator=R4 Old Comment=Res New Comment=200
Change Component Comment : Designator=R7 Old Comment=Res New Comment=200
Change Component Comment : Designator=R1 Old Comment=Res New Comment=200k
Change Component Comment : Designator=R12 Old Comment=Res New Comment=R330
Added Component: Designator=R13(RES-SMD-0603)
Add component (AddParameter): Name = "Class"; Value = "Passive"; VariantName = "[No Variations]"
Add component (AddParameter): Name = "Manufacturer"; Value = "Generic Components"; VariantName = "[No Variations]"
Add component (AddParameter): Name = "Published"; Value = "08/06/2000"; VariantName = "[No Variations]"
Add component (AddParameter): Name = "Publisher"; Value = "Altium Hobart Technology Centre"; VariantName = "[No Variations]"
Added Pin To Net: NetName=GND Pin=*1-2
Added Pin To Net: NetName=GND Pin=*1-3
Added Pin To Net: NetName=Ant Pin=ANT1-1
Added Pin To Net: NetName=GND Pin=R13-1
Added Pin To Net: NetName=3.3V Pin=R13-2
Added Pin To Net: NetName=GND Pin=YA1-1
Added Pin To Net: NetName=GND Pin=YA1-2
Added Member To Class: ClassName=RD_BUCK Member=Component C7 Cap_SMD
Added Member To Class: ClassName=RD_BUCK Member=Component L1 L-DIP-1
